Arguments: 
  /Users/zatan007/.nvm/versions/node/v14.15.5/bin/node /Users/zatan007/.nvm/versions/node/v14.15.5/bin/yarn add aixos

PATH: 
  /usr/local/opt/coreutils/libexec/gnubin:/Library/Frameworks/Python.framework/Versions/3.9/bin:/Users/zatan007/.nvm/versions/node/v14.15.5/bin:/Users/zatan007/go/bin:/usr/local/go/bin:/opt/homebrew/bin:/usr/local/bin:/usr/bin:/bin:/usr/sbin:/sbin:/usr/local/go/bin:/Library/Apple/usr/bin:/usr/local/opt/coreutils/libexec/gnubin:/Users/zatan007/Downloads/google-cloud-sdk/bin:/Library/Frameworks/Python.framework/Versions/3.9/bin:/Users/zatan007/.nvm/versions/node/v14.15.5/bin:/Users/zatan007/go/bin:/opt/homebrew/bin

Yarn version: 
  1.22.10

Node version: 
  14.15.5

Platform: 
  darwin x64

Trace: 
  Error: https://registry.yarnpkg.com/aixos: Not found
      at Request.params.callback [as _callback] (/Users/zatan007/.nvm/versions/node/v14.15.5/lib/node_modules/yarn/lib/cli.js:66988:18)
      at Request.self.callback (/Users/zatan007/.nvm/versions/node/v14.15.5/lib/node_modules/yarn/lib/cli.js:140662:22)
      at Request.emit (events.js:315:20)
      at Request.<anonymous> (/Users/zatan007/.nvm/versions/node/v14.15.5/lib/node_modules/yarn/lib/cli.js:141634:10)
      at Request.emit (events.js:315:20)
      at IncomingMessage.<anonymous> (/Users/zatan007/.nvm/versions/node/v14.15.5/lib/node_modules/yarn/lib/cli.js:141556:12)
      at Object.onceWrapper (events.js:421:28)
      at IncomingMessage.emit (events.js:327:22)
      at endReadableNT (internal/streams/readable.js:1327:12)
      at processTicksAndRejections (internal/process/task_queues.js:80:21)

npm manifest: 
  {
    "dependencies": {
      "dotenv": "^10.0.0"
    }
  }

yarn manifest: 
  No manifest

Lockfile: 
  # THIS IS AN AUTOGENERATED FILE. DO NOT EDIT THIS FILE DIRECTLY.
  # yarn lockfile v1
  
  
  dotenv@^10.0.0:
    version "10.0.0"
    resolved "https://registry.yarnpkg.com/dotenv/-/dotenv-10.0.0.tgz#3d4227b8fb95f81096cdd2b66653fb2c7085ba81"
    integrity sha512-rlBi9d8jpv9Sf1klPjNfFAuWDjKLwTIJJ/VxtoTwIR6hnZxcEOQCZg2oIL3MWBYw5GpUDKOEnND7LXTbIpQ03Q==
